04/09/2015 12:56:22 p.m.: Iniciar Conteo...
04/09/2015 12:56:40 p.m.: Iniciar Conteo...
04/09/2015 12:57:04 p.m.: Iniciar Conteo...
04/09/2015 12:57:56 p.m.: Minutos transcurridos: 1
04/09/2015 12:57:56 p.m.:  --- Mostrar Eventos del usuario --- 
04/09/2015 12:57:56 p.m.: Crear el contexto de la base de datos...
04/09/2015 12:57:56 p.m.: Obtener el usuario configurado...
04/09/2015 12:57:56 p.m.: Es Super Usuario...
04/09/2015 12:57:56 p.m.:      Obtener todos los eventos activos de todos los usuarios...
04/09/2015 12:57:56 p.m.:      Obtener todos los eventos semanales...
04/09/2015 12:57:56 p.m.:      Obtener todos los eventos por número de día [4]...
04/09/2015 12:57:56 p.m.:          El evento es por dia del mes...
04/09/2015 12:58:01 p.m.:          Si el dia es sabado o domingo recorrerlo al dia habil anterior...
04/09/2015 12:58:05 p.m.:          El evento es por dia del mes...
04/09/2015 12:58:06 p.m.:          Si el dia es sabado o domingo recorrerlo al dia habil anterior...
04/09/2015 12:58:06 p.m.:          El evento cae en domingo, atrasar el dia limite 2 dias...
04/09/2015 12:58:10 p.m.:          Se agrega el evento con id 3 nombre Evento numero tres...
04/09/2015 12:58:10 p.m.:          El evento es por dia del mes...
04/09/2015 12:58:11 p.m.:          Si el dia es sabado o domingo recorrerlo al dia habil anterior...
04/09/2015 12:58:11 p.m.:          El evento es por dia del mes...
04/09/2015 12:58:13 p.m.:          Si el dia es sabado o domingo recorrerlo al dia habil anterior...
04/09/2015 12:58:13 p.m.:          El evento cae en domingo, atrasar el dia limite 2 dias...
04/09/2015 12:58:13 p.m.:          Se agrega el evento con id 5 nombre CFE...
04/09/2015 12:58:13 p.m.:          El evento es por dia del mes...
04/09/2015 12:58:15 p.m.:          Si el dia es sabado o domingo recorrerlo al dia habil anterior...
04/09/2015 12:58:15 p.m.:          El evento cae en domingo, atrasar el dia limite 2 dias...
04/09/2015 12:58:15 p.m.:          Se agrega el evento con id 7 nombre Pago de tarjeta Bancomer...
04/09/2015 12:58:15 p.m.:      Crear una lista con todos los eventos...
04/09/2015 12:58:15 p.m.:      Obtener la lista de todos los eventos terminados el dia de hoy...
04/09/2015 12:58:15 p.m.:      Quitar los eventos terminados de la lista...
04/09/2015 12:58:15 p.m.:      Se mostrarán 6 eventos...
04/09/2015 12:58:16 p.m.:  ---       Terminar Proceso      --- 

