01/09/2015 10:21:52 a.m.: Iniciar conteo
01/09/2015 11:04:31 a.m.: Iniciar conteo
01/09/2015 11:28:42 a.m.: Iniciar conteo
01/09/2015 11:30:07 a.m.: Iniciar conteo
01/09/2015 01:23:10 p.m.: Iniciar conteo
01/09/2015 03:01:52 p.m.: Iniciar Conteo...
01/09/2015 03:02:25 p.m.: Iniciar Conteo...
01/09/2015 03:03:25 p.m.: Minutos transcurridos: 1
01/09/2015 03:03:25 p.m.: Mostrar Eventos del usuario
01/09/2015 03:03:25 p.m.: Crear el contexto de la base de datos...
01/09/2015 03:03:25 p.m.: Obtener el usuario configurado...
01/09/2015 03:03:25 p.m.: Es Usuario Normal...
01/09/2015 03:03:25 p.m.:      Obtener todos los eventos activos del usuario...
01/09/2015 03:03:25 p.m.:      Obtener todos los eventos semanales del dia [M]...
01/09/2015 03:03:25 p.m.:      Obtener todos los eventos por número de día [1]...
01/09/2015 03:03:25 p.m.:          El evento es por dia del mes...
01/09/2015 03:03:25 p.m.:          Se agrega el evento con id 2 nombre Otro evento...
01/09/2015 03:03:25 p.m.:      Crear una lista con todos los eventos...
01/09/2015 03:03:25 p.m.:      Obtener la lista de todos los eventos terminados el dia de hoy...
01/09/2015 03:03:25 p.m.:      Quitar los eventos terminados de la lista...
01/09/2015 03:03:25 p.m.:      Se mostrarán 2 eventos...
01/09/2015 03:04:25 p.m.: Minutos transcurridos: 1
01/09/2015 03:04:25 p.m.: Mostrar Eventos del usuario
01/09/2015 03:04:25 p.m.: Crear el contexto de la base de datos...
01/09/2015 03:04:25 p.m.: Obtener el usuario configurado...
01/09/2015 03:04:25 p.m.: Es Usuario Normal...
01/09/2015 03:04:25 p.m.:      Obtener todos los eventos activos del usuario...
01/09/2015 03:04:25 p.m.:      Obtener todos los eventos semanales del dia [M]...
01/09/2015 03:04:25 p.m.:      Obtener todos los eventos por número de día [1]...
01/09/2015 03:04:25 p.m.:          El evento es por dia del mes...
01/09/2015 03:04:25 p.m.:          Se agrega el evento con id 2 nombre Otro evento...
01/09/2015 03:04:25 p.m.:      Crear una lista con todos los eventos...
01/09/2015 03:04:25 p.m.:      Obtener la lista de todos los eventos terminados el dia de hoy...
01/09/2015 03:04:25 p.m.:      Quitar los eventos terminados de la lista...
01/09/2015 03:04:25 p.m.:      Se mostrarán 2 eventos...
01/09/2015 04:32:32 p.m.: Iniciar Conteo...
01/09/2015 04:33:32 p.m.: Minutos transcurridos: 1
01/09/2015 04:33:32 p.m.:  --- Mostrar Eventos del usuario --- 
01/09/2015 04:33:32 p.m.: Crear el contexto de la base de datos...
01/09/2015 04:33:32 p.m.: Obtener el usuario configurado...
01/09/2015 04:33:33 p.m.: Es Usuario Normal...
01/09/2015 04:33:33 p.m.:      Obtener todos los eventos activos del usuario...
01/09/2015 04:33:33 p.m.:      Obtener todos los eventos semanales del dia [M]...
01/09/2015 04:33:33 p.m.:      Obtener todos los eventos por número de día [1]...
01/09/2015 04:33:33 p.m.:          El evento es por dia del mes...
01/09/2015 04:33:33 p.m.:          Se agrega el evento con id 2 nombre Otro evento...
01/09/2015 04:33:33 p.m.:      Crear una lista con todos los eventos...
01/09/2015 04:33:33 p.m.:      Obtener la lista de todos los eventos terminados el dia de hoy...
01/09/2015 04:33:33 p.m.:      Quitar los eventos terminados de la lista...
01/09/2015 04:33:33 p.m.:      Se mostrarán 2 eventos...
01/09/2015 04:33:34 p.m.:  ---       Terminar Proceso      --- 

01/09/2015 04:33:34 p.m.:          El evento es por dia del mes...
01/09/2015 04:33:34 p.m.:          Se agrega el evento con id 2 nombre Otro evento...
01/09/2015 04:33:44 p.m.:   --- Terminar el Evento ---  
01/09/2015 04:33:44 p.m.:          Obtener el evento seleccionado...
01/09/2015 04:33:44 p.m.:          Id del evento = 2...
01/09/2015 04:33:44 p.m.:   --------------------------  
01/09/2015 04:34:32 p.m.: Minutos transcurridos: 1
01/09/2015 04:34:32 p.m.:  --- Mostrar Eventos del usuario --- 
01/09/2015 04:34:32 p.m.: Crear el contexto de la base de datos...
01/09/2015 04:34:32 p.m.: Obtener el usuario configurado...
01/09/2015 04:34:32 p.m.: Es Usuario Normal...
01/09/2015 04:34:32 p.m.:      Obtener todos los eventos activos del usuario...
01/09/2015 04:34:32 p.m.:      Obtener todos los eventos semanales del dia [M]...
01/09/2015 04:34:32 p.m.:      Obtener todos los eventos por número de día [1]...
01/09/2015 04:34:32 p.m.:          El evento es por dia del mes...
01/09/2015 04:34:32 p.m.:          Se agrega el evento con id 2 nombre Otro evento...
01/09/2015 04:34:32 p.m.:      Crear una lista con todos los eventos...
01/09/2015 04:34:32 p.m.:      Obtener la lista de todos los eventos terminados el dia de hoy...
01/09/2015 04:34:32 p.m.:      Quitar los eventos terminados de la lista...
01/09/2015 04:34:32 p.m.:      Se mostrarán 2 eventos...
01/09/2015 04:34:33 p.m.:  ---       Terminar Proceso      --- 

01/09/2015 04:34:33 p.m.:          El evento es por dia del mes...
01/09/2015 04:34:33 p.m.:          Se agrega el evento con id 2 nombre Otro evento...
01/09/2015 04:40:54 p.m.: Iniciar Conteo...
01/09/2015 04:41:54 p.m.: Minutos transcurridos: 1
01/09/2015 04:41:54 p.m.:  --- Mostrar Eventos del usuario --- 
01/09/2015 04:41:54 p.m.: Crear el contexto de la base de datos...
01/09/2015 04:41:54 p.m.: Obtener el usuario configurado...
01/09/2015 04:41:54 p.m.: Es Usuario Normal...
01/09/2015 04:41:54 p.m.:      Obtener todos los eventos activos del usuario...
01/09/2015 04:41:54 p.m.:      Obtener todos los eventos semanales del dia [M]...
01/09/2015 04:41:54 p.m.:      Obtener todos los eventos por número de día [1]...
01/09/2015 04:41:54 p.m.:          El evento es por dia del mes...
01/09/2015 04:41:54 p.m.:          Se agrega el evento con id 2 nombre Otro evento...
01/09/2015 04:41:54 p.m.:      Crear una lista con todos los eventos...
01/09/2015 04:41:54 p.m.:      Obtener la lista de todos los eventos terminados el dia de hoy...
01/09/2015 04:41:54 p.m.:      Quitar los eventos terminados de la lista...
01/09/2015 04:41:54 p.m.:      Se mostrarán 2 eventos...
01/09/2015 04:41:55 p.m.:  ---       Terminar Proceso      --- 

01/09/2015 04:41:55 p.m.:          El evento es por dia del mes...
01/09/2015 04:41:55 p.m.:          Se agrega el evento con id 2 nombre Otro evento...
01/09/2015 04:41:57 p.m.:   --- Terminar el Evento ---  
01/09/2015 04:41:57 p.m.:          Obtener el evento seleccionado...
01/09/2015 04:41:57 p.m.:          Id del evento = 2...
01/09/2015 04:41:57 p.m.: System.FormatException: La cadena de entrada no tiene el formato correcto.
   en System.Globalization.TimeSpanFormat.FormatCustomized(TimeSpan value, String format, DateTimeFormatInfo dtfi)
   en System.Globalization.TimeSpanFormat.Format(TimeSpan value, String format, IFormatProvider formatProvider)
   en System.TimeSpan.ToString(String format)
   en ToastNotifications.GUIs.Notification.TerminarEvento() en G:\Github\Notificaciones\ToastNotifications\GUIs\Notification.cs:línea 292
   en ToastNotifications.GUIs.Notification.btnTerminarEvento_Click(Object sender, EventArgs e) en G:\Github\Notificaciones\ToastNotifications\GUIs\Notification.cs:línea 271
01/09/2015 04:42:54 p.m.: Minutos transcurridos: 1
01/09/2015 04:42:54 p.m.:  --- Mostrar Eventos del usuario --- 
01/09/2015 04:42:54 p.m.: Crear el contexto de la base de datos...
01/09/2015 04:42:54 p.m.: Obtener el usuario configurado...
01/09/2015 04:42:54 p.m.: Es Usuario Normal...
01/09/2015 04:42:54 p.m.:      Obtener todos los eventos activos del usuario...
01/09/2015 04:42:54 p.m.:      Obtener todos los eventos semanales del dia [M]...
01/09/2015 04:42:54 p.m.:      Obtener todos los eventos por número de día [1]...
01/09/2015 04:42:54 p.m.:          El evento es por dia del mes...
01/09/2015 04:42:54 p.m.:          Se agrega el evento con id 2 nombre Otro evento...
01/09/2015 04:42:54 p.m.:      Crear una lista con todos los eventos...
01/09/2015 04:42:54 p.m.:      Obtener la lista de todos los eventos terminados el dia de hoy...
01/09/2015 04:42:54 p.m.:      Quitar los eventos terminados de la lista...
01/09/2015 04:42:54 p.m.:      Se mostrarán 2 eventos...
01/09/2015 04:42:54 p.m.:  ---       Terminar Proceso      --- 

01/09/2015 04:42:54 p.m.:          El evento es por dia del mes...
01/09/2015 04:42:54 p.m.:          Se agrega el evento con id 2 nombre Otro evento...
01/09/2015 04:43:54 p.m.: Minutos transcurridos: 1
01/09/2015 04:43:54 p.m.:  --- Mostrar Eventos del usuario --- 
01/09/2015 04:43:54 p.m.: Crear el contexto de la base de datos...
01/09/2015 04:43:54 p.m.: Obtener el usuario configurado...
01/09/2015 04:43:54 p.m.: Es Usuario Normal...
01/09/2015 04:43:54 p.m.:      Obtener todos los eventos activos del usuario...
01/09/2015 04:43:54 p.m.:      Obtener todos los eventos semanales del dia [M]...
01/09/2015 04:43:54 p.m.:      Obtener todos los eventos por número de día [1]...
01/09/2015 04:43:54 p.m.:          El evento es por dia del mes...
01/09/2015 04:43:54 p.m.:          Se agrega el evento con id 2 nombre Otro evento...
01/09/2015 04:43:54 p.m.:      Crear una lista con todos los eventos...
01/09/2015 04:43:54 p.m.:      Obtener la lista de todos los eventos terminados el dia de hoy...
01/09/2015 04:43:54 p.m.:      Quitar los eventos terminados de la lista...
01/09/2015 04:43:54 p.m.:      Se mostrarán 2 eventos...
01/09/2015 04:43:54 p.m.:  ---       Terminar Proceso      --- 

01/09/2015 04:43:54 p.m.:          El evento es por dia del mes...
01/09/2015 04:43:54 p.m.:          Se agrega el evento con id 2 nombre Otro evento...
01/09/2015 04:44:54 p.m.: Minutos transcurridos: 1
01/09/2015 04:44:54 p.m.:  --- Mostrar Eventos del usuario --- 
01/09/2015 04:44:54 p.m.: Crear el contexto de la base de datos...
01/09/2015 04:44:54 p.m.: Obtener el usuario configurado...
01/09/2015 04:44:54 p.m.: Es Usuario Normal...
01/09/2015 04:44:54 p.m.:      Obtener todos los eventos activos del usuario...
01/09/2015 04:44:54 p.m.:      Obtener todos los eventos semanales del dia [M]...
01/09/2015 04:44:54 p.m.:      Obtener todos los eventos por número de día [1]...
01/09/2015 04:44:54 p.m.:          El evento es por dia del mes...
01/09/2015 04:44:54 p.m.:          Se agrega el evento con id 2 nombre Otro evento...
01/09/2015 04:44:54 p.m.:      Crear una lista con todos los eventos...
01/09/2015 04:44:54 p.m.:      Obtener la lista de todos los eventos terminados el dia de hoy...
01/09/2015 04:44:54 p.m.:      Quitar los eventos terminados de la lista...
01/09/2015 04:44:54 p.m.:      Se mostrarán 2 eventos...
01/09/2015 04:44:54 p.m.:  ---       Terminar Proceso      --- 

01/09/2015 04:44:54 p.m.:          El evento es por dia del mes...
01/09/2015 04:44:54 p.m.:          Se agrega el evento con id 2 nombre Otro evento...
01/09/2015 04:45:54 p.m.: Minutos transcurridos: 1
01/09/2015 04:45:54 p.m.:  --- Mostrar Eventos del usuario --- 
01/09/2015 04:45:54 p.m.: Crear el contexto de la base de datos...
01/09/2015 04:45:54 p.m.: Obtener el usuario configurado...
01/09/2015 04:45:54 p.m.: Es Usuario Normal...
01/09/2015 04:45:54 p.m.:      Obtener todos los eventos activos del usuario...
01/09/2015 04:45:54 p.m.:      Obtener todos los eventos semanales del dia [M]...
01/09/2015 04:45:54 p.m.:      Obtener todos los eventos por número de día [1]...
01/09/2015 04:45:54 p.m.:          El evento es por dia del mes...
01/09/2015 04:45:54 p.m.:          Se agrega el evento con id 2 nombre Otro evento...
01/09/2015 04:45:54 p.m.:      Crear una lista con todos los eventos...
01/09/2015 04:45:54 p.m.:      Obtener la lista de todos los eventos terminados el dia de hoy...
01/09/2015 04:45:54 p.m.:      Quitar los eventos terminados de la lista...
01/09/2015 04:45:54 p.m.:      Se mostrarán 2 eventos...
01/09/2015 04:45:55 p.m.:  ---       Terminar Proceso      --- 

01/09/2015 04:45:55 p.m.:          El evento es por dia del mes...
01/09/2015 04:45:55 p.m.:          Se agrega el evento con id 2 nombre Otro evento...
01/09/2015 04:46:54 p.m.: Minutos transcurridos: 1
01/09/2015 04:46:54 p.m.:  --- Mostrar Eventos del usuario --- 
01/09/2015 04:46:54 p.m.: Crear el contexto de la base de datos...
01/09/2015 04:46:54 p.m.: Obtener el usuario configurado...
01/09/2015 04:46:54 p.m.: Es Usuario Normal...
01/09/2015 04:46:54 p.m.:      Obtener todos los eventos activos del usuario...
01/09/2015 04:46:54 p.m.:      Obtener todos los eventos semanales del dia [M]...
01/09/2015 04:46:54 p.m.:      Obtener todos los eventos por número de día [1]...
01/09/2015 04:46:54 p.m.:          El evento es por dia del mes...
01/09/2015 04:46:54 p.m.:          Se agrega el evento con id 2 nombre Otro evento...
01/09/2015 04:46:54 p.m.:      Crear una lista con todos los eventos...
01/09/2015 04:46:54 p.m.:      Obtener la lista de todos los eventos terminados el dia de hoy...
01/09/2015 04:46:54 p.m.:      Quitar los eventos terminados de la lista...
01/09/2015 04:46:54 p.m.:      Se mostrarán 2 eventos...
01/09/2015 04:46:55 p.m.:  ---       Terminar Proceso      --- 

01/09/2015 04:46:55 p.m.:          El evento es por dia del mes...
01/09/2015 04:46:55 p.m.:          Se agrega el evento con id 2 nombre Otro evento...
01/09/2015 04:47:54 p.m.: Minutos transcurridos: 1
01/09/2015 04:47:54 p.m.:  --- Mostrar Eventos del usuario --- 
01/09/2015 04:47:54 p.m.: Crear el contexto de la base de datos...
01/09/2015 04:47:54 p.m.: Obtener el usuario configurado...
01/09/2015 04:47:54 p.m.: Es Usuario Normal...
01/09/2015 04:47:54 p.m.:      Obtener todos los eventos activos del usuario...
01/09/2015 04:47:54 p.m.:      Obtener todos los eventos semanales del dia [M]...
01/09/2015 04:47:54 p.m.:      Obtener todos los eventos por número de día [1]...
01/09/2015 04:47:54 p.m.:          El evento es por dia del mes...
01/09/2015 04:47:54 p.m.:          Se agrega el evento con id 2 nombre Otro evento...
01/09/2015 04:47:54 p.m.:      Crear una lista con todos los eventos...
01/09/2015 04:47:54 p.m.:      Obtener la lista de todos los eventos terminados el dia de hoy...
01/09/2015 04:47:54 p.m.:      Quitar los eventos terminados de la lista...
01/09/2015 04:47:54 p.m.:      Se mostrarán 2 eventos...
01/09/2015 04:47:55 p.m.:  ---       Terminar Proceso      --- 

01/09/2015 04:47:55 p.m.:          El evento es por dia del mes...
01/09/2015 04:47:55 p.m.:          Se agrega el evento con id 2 nombre Otro evento...
01/09/2015 04:48:54 p.m.: Minutos transcurridos: 1
01/09/2015 04:48:54 p.m.:  --- Mostrar Eventos del usuario --- 
01/09/2015 04:48:54 p.m.: Crear el contexto de la base de datos...
01/09/2015 04:48:54 p.m.: Obtener el usuario configurado...
01/09/2015 04:48:54 p.m.: Es Usuario Normal...
01/09/2015 04:48:54 p.m.:      Obtener todos los eventos activos del usuario...
01/09/2015 04:48:54 p.m.:      Obtener todos los eventos semanales del dia [M]...
01/09/2015 04:48:54 p.m.:      Obtener todos los eventos por número de día [1]...
01/09/2015 04:48:54 p.m.:          El evento es por dia del mes...
01/09/2015 04:48:54 p.m.:          Se agrega el evento con id 2 nombre Otro evento...
01/09/2015 04:48:54 p.m.:      Crear una lista con todos los eventos...
01/09/2015 04:48:54 p.m.:      Obtener la lista de todos los eventos terminados el dia de hoy...
01/09/2015 04:48:54 p.m.:      Quitar los eventos terminados de la lista...
01/09/2015 04:48:54 p.m.:      Se mostrarán 2 eventos...
01/09/2015 04:48:55 p.m.:  ---       Terminar Proceso      --- 

01/09/2015 04:48:55 p.m.:          El evento es por dia del mes...
01/09/2015 04:48:55 p.m.:          Se agrega el evento con id 2 nombre Otro evento...
01/09/2015 04:49:54 p.m.: Minutos transcurridos: 1
01/09/2015 04:49:54 p.m.:  --- Mostrar Eventos del usuario --- 
01/09/2015 04:49:54 p.m.: Crear el contexto de la base de datos...
01/09/2015 04:49:54 p.m.: Obtener el usuario configurado...
01/09/2015 04:49:54 p.m.: Es Usuario Normal...
01/09/2015 04:49:54 p.m.:      Obtener todos los eventos activos del usuario...
01/09/2015 04:49:54 p.m.:      Obtener todos los eventos semanales del dia [M]...
01/09/2015 04:49:54 p.m.:      Obtener todos los eventos por número de día [1]...
01/09/2015 04:49:54 p.m.:          El evento es por dia del mes...
01/09/2015 04:49:54 p.m.:          Se agrega el evento con id 2 nombre Otro evento...
01/09/2015 04:49:54 p.m.:      Crear una lista con todos los eventos...
01/09/2015 04:49:54 p.m.:      Obtener la lista de todos los eventos terminados el dia de hoy...
01/09/2015 04:49:54 p.m.:      Quitar los eventos terminados de la lista...
01/09/2015 04:49:54 p.m.:      Se mostrarán 2 eventos...
01/09/2015 04:49:55 p.m.:  ---       Terminar Proceso      --- 

01/09/2015 04:49:55 p.m.:          El evento es por dia del mes...
01/09/2015 04:49:55 p.m.:          Se agrega el evento con id 2 nombre Otro evento...
01/09/2015 04:50:54 p.m.: Minutos transcurridos: 1
01/09/2015 04:50:54 p.m.:  --- Mostrar Eventos del usuario --- 
01/09/2015 04:50:54 p.m.: Crear el contexto de la base de datos...
01/09/2015 04:50:54 p.m.: Obtener el usuario configurado...
01/09/2015 04:50:54 p.m.: Es Usuario Normal...
01/09/2015 04:50:54 p.m.:      Obtener todos los eventos activos del usuario...
01/09/2015 04:50:54 p.m.:      Obtener todos los eventos semanales del dia [M]...
01/09/2015 04:50:54 p.m.:      Obtener todos los eventos por número de día [1]...
01/09/2015 04:50:54 p.m.:          El evento es por dia del mes...
01/09/2015 04:50:54 p.m.:          Se agrega el evento con id 2 nombre Otro evento...
01/09/2015 04:50:54 p.m.:      Crear una lista con todos los eventos...
01/09/2015 04:50:54 p.m.:      Obtener la lista de todos los eventos terminados el dia de hoy...
01/09/2015 04:50:54 p.m.:      Quitar los eventos terminados de la lista...
01/09/2015 04:50:54 p.m.:      Se mostrarán 2 eventos...
01/09/2015 04:50:55 p.m.:  ---       Terminar Proceso      --- 

01/09/2015 04:50:55 p.m.:          El evento es por dia del mes...
01/09/2015 04:50:55 p.m.:          Se agrega el evento con id 2 nombre Otro evento...
01/09/2015 04:51:54 p.m.: Minutos transcurridos: 1
01/09/2015 04:51:54 p.m.:  --- Mostrar Eventos del usuario --- 
01/09/2015 04:51:54 p.m.: Crear el contexto de la base de datos...
01/09/2015 04:51:54 p.m.: Obtener el usuario configurado...
01/09/2015 04:51:54 p.m.: Es Usuario Normal...
01/09/2015 04:51:54 p.m.:      Obtener todos los eventos activos del usuario...
01/09/2015 04:51:54 p.m.:      Obtener todos los eventos semanales del dia [M]...
01/09/2015 04:51:54 p.m.:      Obtener todos los eventos por número de día [1]...
01/09/2015 04:51:54 p.m.:          El evento es por dia del mes...
01/09/2015 04:51:54 p.m.:          Se agrega el evento con id 2 nombre Otro evento...
01/09/2015 04:51:54 p.m.:      Crear una lista con todos los eventos...
01/09/2015 04:51:54 p.m.:      Obtener la lista de todos los eventos terminados el dia de hoy...
01/09/2015 04:51:54 p.m.:      Quitar los eventos terminados de la lista...
01/09/2015 04:51:54 p.m.:      Se mostrarán 2 eventos...
01/09/2015 04:51:55 p.m.:  ---       Terminar Proceso      --- 

01/09/2015 04:51:55 p.m.:          El evento es por dia del mes...
01/09/2015 04:51:55 p.m.:          Se agrega el evento con id 2 nombre Otro evento...
01/09/2015 04:52:54 p.m.: Minutos transcurridos: 1
01/09/2015 04:52:54 p.m.:  --- Mostrar Eventos del usuario --- 
01/09/2015 04:52:54 p.m.: Crear el contexto de la base de datos...
01/09/2015 04:52:54 p.m.: Obtener el usuario configurado...
01/09/2015 04:52:54 p.m.: Es Usuario Normal...
01/09/2015 04:52:54 p.m.:      Obtener todos los eventos activos del usuario...
01/09/2015 04:52:54 p.m.:      Obtener todos los eventos semanales del dia [M]...
01/09/2015 04:52:54 p.m.:      Obtener todos los eventos por número de día [1]...
01/09/2015 04:52:54 p.m.:          El evento es por dia del mes...
01/09/2015 04:52:54 p.m.:          Se agrega el evento con id 2 nombre Otro evento...
01/09/2015 04:52:54 p.m.:      Crear una lista con todos los eventos...
01/09/2015 04:52:54 p.m.:      Obtener la lista de todos los eventos terminados el dia de hoy...
01/09/2015 04:52:54 p.m.:      Quitar los eventos terminados de la lista...
01/09/2015 04:52:54 p.m.:      Se mostrarán 2 eventos...
01/09/2015 04:52:55 p.m.:  ---       Terminar Proceso      --- 

01/09/2015 04:52:55 p.m.:          El evento es por dia del mes...
01/09/2015 04:52:55 p.m.:          Se agrega el evento con id 2 nombre Otro evento...
01/09/2015 04:53:54 p.m.: Minutos transcurridos: 1
01/09/2015 04:53:54 p.m.:  --- Mostrar Eventos del usuario --- 
01/09/2015 04:53:54 p.m.: Crear el contexto de la base de datos...
01/09/2015 04:53:54 p.m.: Obtener el usuario configurado...
01/09/2015 04:53:54 p.m.: Es Usuario Normal...
01/09/2015 04:53:54 p.m.:      Obtener todos los eventos activos del usuario...
01/09/2015 04:53:54 p.m.:      Obtener todos los eventos semanales del dia [M]...
01/09/2015 04:53:54 p.m.:      Obtener todos los eventos por número de día [1]...
01/09/2015 04:53:54 p.m.:          El evento es por dia del mes...
01/09/2015 04:53:54 p.m.:          Se agrega el evento con id 2 nombre Otro evento...
01/09/2015 04:53:54 p.m.:      Crear una lista con todos los eventos...
01/09/2015 04:53:54 p.m.:      Obtener la lista de todos los eventos terminados el dia de hoy...
01/09/2015 04:53:54 p.m.:      Quitar los eventos terminados de la lista...
01/09/2015 04:53:54 p.m.:      Se mostrarán 2 eventos...
01/09/2015 04:53:55 p.m.:  ---       Terminar Proceso      --- 

01/09/2015 04:53:55 p.m.:          El evento es por dia del mes...
01/09/2015 04:53:55 p.m.:          Se agrega el evento con id 2 nombre Otro evento...
01/09/2015 04:58:32 p.m.: Iniciar Conteo...
01/09/2015 04:59:00 p.m.: Iniciar Conteo...
01/09/2015 05:00:00 p.m.: Minutos transcurridos: 1
01/09/2015 05:00:00 p.m.:  --- Mostrar Eventos del usuario --- 
01/09/2015 05:00:00 p.m.: Crear el contexto de la base de datos...
01/09/2015 05:00:01 p.m.: Obtener el usuario configurado...
01/09/2015 05:00:01 p.m.: Es Usuario Normal...
01/09/2015 05:00:01 p.m.:      Obtener todos los eventos activos del usuario...
01/09/2015 05:00:01 p.m.:      Obtener todos los eventos semanales del dia [M]...
01/09/2015 05:00:01 p.m.:      Obtener todos los eventos por número de día [1]...
01/09/2015 05:00:01 p.m.:          El evento es por dia del mes...
01/09/2015 05:00:01 p.m.:          Se agrega el evento con id 2 nombre Otro evento...
01/09/2015 05:00:01 p.m.:      Crear una lista con todos los eventos...
01/09/2015 05:00:01 p.m.:      Obtener la lista de todos los eventos terminados el dia de hoy...
01/09/2015 05:00:01 p.m.:      Quitar los eventos terminados de la lista...
01/09/2015 05:00:01 p.m.:      Se mostrarán 2 eventos...
01/09/2015 05:00:02 p.m.:  ---       Terminar Proceso      --- 

01/09/2015 05:00:02 p.m.:          El evento es por dia del mes...
01/09/2015 05:00:02 p.m.:          Se agrega el evento con id 2 nombre Otro evento...
01/09/2015 05:00:02 p.m.:        Obtener la lista de todos los eventos terminados el dia de hoy...
01/09/2015 05:00:02 p.m.:        Quitar los eventos terminados de la lista...
01/09/2015 05:00:07 p.m.:   --- Terminar el Evento ---  
01/09/2015 05:00:08 p.m.:          Obtener el evento seleccionado...
01/09/2015 05:00:09 p.m.:          Id del evento = 2...
01/09/2015 05:00:21 p.m.: System.FormatException: La cadena de entrada no tiene el formato correcto.
   en System.Globalization.TimeSpanFormat.FormatCustomized(TimeSpan value, String format, DateTimeFormatInfo dtfi)
   en System.Globalization.TimeSpanFormat.Format(TimeSpan value, String format, IFormatProvider formatProvider)
   en System.TimeSpan.ToString(String format)
   en ToastNotifications.GUIs.Notification.TerminarEvento() en G:\Github\Notificaciones\ToastNotifications\GUIs\Notification.cs:línea 293
   en ToastNotifications.GUIs.Notification.btnTerminarEvento_Click(Object sender, EventArgs e) en G:\Github\Notificaciones\ToastNotifications\GUIs\Notification.cs:línea 272
01/09/2015 05:00:53 p.m.: Iniciar Conteo...
