03/09/2015 09:02:07 a.m.: Iniciar Conteo...
03/09/2015 09:02:27 a.m.: Iniciar Conteo...
03/09/2015 09:07:06 a.m.: Iniciar Conteo...
03/09/2015 09:21:54 a.m.: Iniciar Conteo...
03/09/2015 09:22:54 a.m.: Minutos transcurridos: 1
03/09/2015 09:22:54 a.m.:  --- Mostrar Eventos del usuario --- 
03/09/2015 09:22:54 a.m.: Crear el contexto de la base de datos...
03/09/2015 09:22:54 a.m.: Obtener el usuario configurado...
03/09/2015 09:22:54 a.m.: Es Super Usuario...
03/09/2015 09:22:54 a.m.:      Obtener todos los eventos activos de todos los usuarios...
03/09/2015 09:22:54 a.m.:      Obtener todos los eventos semanales...
03/09/2015 09:22:54 a.m.:      Obtener todos los eventos por número de día [3]...
03/09/2015 09:22:54 a.m.:          El evento es por dia del mes...
03/09/2015 09:22:54 a.m.:          Se agrega el evento con id 2 nombre Pago de renta casa...
03/09/2015 09:22:54 a.m.:      Crear una lista con todos los eventos...
03/09/2015 09:22:54 a.m.:      Obtener la lista de todos los eventos terminados el dia de hoy...
03/09/2015 09:22:54 a.m.:      Quitar los eventos terminados de la lista...
03/09/2015 09:22:54 a.m.:      Se mostrarán 2 eventos...
03/09/2015 09:22:55 a.m.:  ---       Terminar Proceso      --- 

03/09/2015 09:22:59 a.m.:   --- Terminar el Evento ---  
03/09/2015 09:22:59 a.m.:          Obtener el evento seleccionado...
03/09/2015 09:22:59 a.m.:          Id del evento = 1...
03/09/2015 09:22:59 a.m.:   --------------------------  

03/09/2015 09:23:54 a.m.: Minutos transcurridos: 1
03/09/2015 09:23:54 a.m.:  --- Mostrar Eventos del usuario --- 
03/09/2015 09:23:54 a.m.: Crear el contexto de la base de datos...
03/09/2015 09:23:54 a.m.: Obtener el usuario configurado...
03/09/2015 09:23:54 a.m.: Es Super Usuario...
03/09/2015 09:23:54 a.m.:      Obtener todos los eventos activos de todos los usuarios...
03/09/2015 09:23:54 a.m.:      Obtener todos los eventos semanales...
03/09/2015 09:23:54 a.m.:      Obtener todos los eventos por número de día [3]...
03/09/2015 09:23:54 a.m.:          El evento es por dia del mes...
03/09/2015 09:23:54 a.m.:          Se agrega el evento con id 2 nombre Pago de renta casa...
03/09/2015 09:23:54 a.m.:      Crear una lista con todos los eventos...
03/09/2015 09:23:54 a.m.:      Obtener la lista de todos los eventos terminados el dia de hoy...
03/09/2015 09:23:54 a.m.:      Quitar los eventos terminados de la lista...
03/09/2015 09:23:54 a.m.:      Se mostrarán 2 eventos...
03/09/2015 09:23:54 a.m.:  ---       Terminar Proceso      --- 

03/09/2015 09:27:36 a.m.: Iniciar Conteo...
03/09/2015 09:28:36 a.m.: Minutos transcurridos: 1
03/09/2015 09:28:36 a.m.:  --- Mostrar Eventos del usuario --- 
03/09/2015 09:28:36 a.m.: Crear el contexto de la base de datos...
03/09/2015 09:28:36 a.m.: Obtener el usuario configurado...
03/09/2015 09:28:36 a.m.: Es Super Usuario...
03/09/2015 09:28:36 a.m.:      Obtener todos los eventos activos de todos los usuarios...
03/09/2015 09:28:36 a.m.:      Obtener todos los eventos semanales...
03/09/2015 09:28:36 a.m.:      Obtener todos los eventos por número de día [3]...
03/09/2015 09:28:36 a.m.:          El evento es por dia del mes...
03/09/2015 09:28:37 a.m.:          Se agrega el evento con id 2 nombre Pago de renta casa...
03/09/2015 09:28:37 a.m.:      Crear una lista con todos los eventos...
03/09/2015 09:28:37 a.m.:      Obtener la lista de todos los eventos terminados el dia de hoy...
03/09/2015 09:28:37 a.m.:      Quitar los eventos terminados de la lista...
03/09/2015 09:28:37 a.m.:      Se mostrarán 2 eventos...
03/09/2015 09:28:38 a.m.:  ---       Terminar Proceso      --- 

03/09/2015 09:28:43 a.m.:   --- Terminar el Evento ---  
03/09/2015 09:28:43 a.m.:          Obtener el evento seleccionado...
03/09/2015 09:28:43 a.m.:          Id del evento = 2...
03/09/2015 09:28:43 a.m.:   --------------------------  

03/09/2015 09:40:07 a.m.: Iniciar Conteo...
03/09/2015 09:41:07 a.m.: Minutos transcurridos: 1
03/09/2015 09:41:07 a.m.:  --- Mostrar Eventos del usuario --- 
03/09/2015 09:41:07 a.m.: Crear el contexto de la base de datos...
03/09/2015 09:41:07 a.m.: Obtener el usuario configurado...
03/09/2015 09:41:07 a.m.: Es Super Usuario...
03/09/2015 09:41:07 a.m.:      Obtener todos los eventos activos de todos los usuarios...
03/09/2015 09:41:07 a.m.:      Obtener todos los eventos semanales...
03/09/2015 09:41:07 a.m.:      Obtener todos los eventos por número de día [3]...
03/09/2015 09:41:07 a.m.:          El evento es por dia del mes...
03/09/2015 09:41:07 a.m.:          Se agrega el evento con id 2 nombre Pago de renta casa...
03/09/2015 09:41:07 a.m.:      Crear una lista con todos los eventos...
03/09/2015 09:41:07 a.m.:      Obtener la lista de todos los eventos terminados el dia de hoy...
03/09/2015 09:41:07 a.m.:      Quitar los eventos terminados de la lista...
03/09/2015 09:41:07 a.m.:      Se mostrarán 2 eventos...
03/09/2015 09:41:08 a.m.:  ---       Terminar Proceso      --- 

03/09/2015 09:41:19 a.m.:   --- Terminar el Evento ---  
03/09/2015 09:41:19 a.m.:          Obtener el evento seleccionado...
03/09/2015 09:41:19 a.m.:          Id del evento = 1...
03/09/2015 09:41:19 a.m.:   --------------------------  

03/09/2015 09:42:07 a.m.: Minutos transcurridos: 1
03/09/2015 09:42:07 a.m.:  --- Mostrar Eventos del usuario --- 
03/09/2015 09:42:07 a.m.: Crear el contexto de la base de datos...
03/09/2015 09:42:07 a.m.: Obtener el usuario configurado...
03/09/2015 09:42:07 a.m.: Es Super Usuario...
03/09/2015 09:42:07 a.m.:      Obtener todos los eventos activos de todos los usuarios...
03/09/2015 09:42:07 a.m.:      Obtener todos los eventos semanales...
03/09/2015 09:42:07 a.m.:      Obtener todos los eventos por número de día [3]...
03/09/2015 09:42:07 a.m.:          El evento es por dia del mes...
03/09/2015 09:42:07 a.m.:          Se agrega el evento con id 2 nombre Pago de renta casa...
03/09/2015 09:42:07 a.m.:      Crear una lista con todos los eventos...
03/09/2015 09:42:07 a.m.:      Obtener la lista de todos los eventos terminados el dia de hoy...
03/09/2015 09:42:07 a.m.:      Quitar los eventos terminados de la lista...
03/09/2015 09:42:07 a.m.:      Se mostrarán 2 eventos...
03/09/2015 09:42:07 a.m.:  ---       Terminar Proceso      --- 

03/09/2015 09:42:18 a.m.:   --- Terminar el Evento ---  
03/09/2015 09:42:18 a.m.:          Obtener el evento seleccionado...
03/09/2015 09:42:18 a.m.:          Id del evento = 2...
03/09/2015 09:42:18 a.m.:   --------------------------  

03/09/2015 09:43:07 a.m.: Minutos transcurridos: 1
03/09/2015 09:43:07 a.m.:  --- Mostrar Eventos del usuario --- 
03/09/2015 09:43:07 a.m.: Crear el contexto de la base de datos...
03/09/2015 09:43:07 a.m.: Obtener el usuario configurado...
03/09/2015 09:43:07 a.m.: Es Super Usuario...
03/09/2015 09:43:07 a.m.:      Obtener todos los eventos activos de todos los usuarios...
03/09/2015 09:43:07 a.m.:      Obtener todos los eventos semanales...
03/09/2015 09:43:07 a.m.:      Obtener todos los eventos por número de día [3]...
03/09/2015 09:43:07 a.m.:          El evento es por dia del mes...
03/09/2015 09:43:07 a.m.:          Se agrega el evento con id 2 nombre Pago de renta casa...
03/09/2015 09:43:07 a.m.:      Crear una lista con todos los eventos...
03/09/2015 09:43:07 a.m.:      Obtener la lista de todos los eventos terminados el dia de hoy...
03/09/2015 09:43:07 a.m.:      Quitar los eventos terminados de la lista...
03/09/2015 09:43:07 a.m.:  ---       Terminar Proceso      --- 

03/09/2015 11:39:57 a.m.: Iniciar Conteo...
03/09/2015 11:40:13 a.m.: Iniciar Conteo...
03/09/2015 11:41:06 a.m.: Minutos transcurridos: 1
03/09/2015 11:41:06 a.m.:  --- Mostrar Eventos del usuario --- 
03/09/2015 11:41:06 a.m.: Crear el contexto de la base de datos...
03/09/2015 11:41:06 a.m.: Obtener el usuario configurado...
03/09/2015 11:41:06 a.m.: Es Usuario Normal...
03/09/2015 11:41:06 a.m.:      Obtener todos los eventos activos del usuario...
03/09/2015 11:41:06 a.m.:      Obtener todos los eventos semanales del dia [J]...
03/09/2015 11:41:06 a.m.:      Obtener todos los eventos por número de día [3]...
03/09/2015 11:41:06 a.m.:          El evento es por dia del mes...
03/09/2015 11:41:06 a.m.:          Se agrega el evento con id 4 nombre Evento de Maribel...
03/09/2015 11:41:06 a.m.:      Crear una lista con todos los eventos...
03/09/2015 11:41:06 a.m.:      Obtener la lista de todos los eventos terminados el dia de hoy...
03/09/2015 11:41:06 a.m.:      Quitar los eventos terminados de la lista...
03/09/2015 11:41:06 a.m.:      Se mostrarán 1 eventos...
03/09/2015 11:41:07 a.m.:  ---       Terminar Proceso      --- 

03/09/2015 11:41:28 a.m.:   --- Terminar el Evento ---  
03/09/2015 11:41:28 a.m.:          Obtener el evento seleccionado...
03/09/2015 11:41:28 a.m.:          Id del evento = 4...
03/09/2015 11:41:28 a.m.:   --------------------------  

03/09/2015 11:42:06 a.m.: Minutos transcurridos: 1
03/09/2015 11:42:06 a.m.:  --- Mostrar Eventos del usuario --- 
03/09/2015 11:42:06 a.m.: Crear el contexto de la base de datos...
03/09/2015 11:42:06 a.m.: Obtener el usuario configurado...
03/09/2015 11:42:06 a.m.: Es Usuario Normal...
03/09/2015 11:42:06 a.m.:      Obtener todos los eventos activos del usuario...
03/09/2015 11:42:06 a.m.:      Obtener todos los eventos semanales del dia [J]...
03/09/2015 11:42:06 a.m.:      Obtener todos los eventos por número de día [3]...
03/09/2015 11:42:06 a.m.:          El evento es por dia del mes...
03/09/2015 11:42:06 a.m.:          Se agrega el evento con id 4 nombre Evento de Maribel...
03/09/2015 11:42:06 a.m.:      Crear una lista con todos los eventos...
03/09/2015 11:42:06 a.m.:      Obtener la lista de todos los eventos terminados el dia de hoy...
03/09/2015 11:42:06 a.m.:      Quitar los eventos terminados de la lista...
03/09/2015 11:42:06 a.m.:  ---       Terminar Proceso      --- 

03/09/2015 11:43:06 a.m.: Minutos transcurridos: 1
03/09/2015 11:43:06 a.m.:  --- Mostrar Eventos del usuario --- 
03/09/2015 11:43:06 a.m.: Crear el contexto de la base de datos...
03/09/2015 11:43:06 a.m.: Obtener el usuario configurado...
03/09/2015 11:43:06 a.m.: Es Usuario Normal...
03/09/2015 11:43:06 a.m.:      Obtener todos los eventos activos del usuario...
03/09/2015 11:43:06 a.m.:      Obtener todos los eventos semanales del dia [J]...
03/09/2015 11:43:06 a.m.:      Obtener todos los eventos por número de día [3]...
03/09/2015 11:43:06 a.m.:          El evento es por dia del mes...
03/09/2015 11:43:06 a.m.:          Se agrega el evento con id 4 nombre Evento de Maribel...
03/09/2015 11:43:06 a.m.:      Crear una lista con todos los eventos...
03/09/2015 11:43:06 a.m.:      Obtener la lista de todos los eventos terminados el dia de hoy...
03/09/2015 11:43:06 a.m.:      Quitar los eventos terminados de la lista...
03/09/2015 11:43:06 a.m.:  ---       Terminar Proceso      --- 

03/09/2015 11:44:06 a.m.: Minutos transcurridos: 1
03/09/2015 11:44:06 a.m.:  --- Mostrar Eventos del usuario --- 
03/09/2015 11:44:06 a.m.: Crear el contexto de la base de datos...
03/09/2015 11:44:06 a.m.: Obtener el usuario configurado...
03/09/2015 11:44:06 a.m.: Es Usuario Normal...
03/09/2015 11:44:06 a.m.:      Obtener todos los eventos activos del usuario...
03/09/2015 11:44:06 a.m.:      Obtener todos los eventos semanales del dia [J]...
03/09/2015 11:44:06 a.m.:      Obtener todos los eventos por número de día [3]...
03/09/2015 11:44:06 a.m.:          El evento es por dia del mes...
03/09/2015 11:44:06 a.m.:          Se agrega el evento con id 4 nombre Evento de Maribel...
03/09/2015 11:44:06 a.m.:      Crear una lista con todos los eventos...
03/09/2015 11:44:06 a.m.:      Obtener la lista de todos los eventos terminados el dia de hoy...
03/09/2015 11:44:06 a.m.:      Quitar los eventos terminados de la lista...
03/09/2015 11:44:06 a.m.:  ---       Terminar Proceso      --- 

03/09/2015 11:45:06 a.m.: Minutos transcurridos: 1
03/09/2015 11:45:06 a.m.:  --- Mostrar Eventos del usuario --- 
03/09/2015 11:45:06 a.m.: Crear el contexto de la base de datos...
03/09/2015 11:45:06 a.m.: Obtener el usuario configurado...
03/09/2015 11:45:06 a.m.: Es Usuario Normal...
03/09/2015 11:45:06 a.m.:      Obtener todos los eventos activos del usuario...
03/09/2015 11:45:06 a.m.:      Obtener todos los eventos semanales del dia [J]...
03/09/2015 11:45:06 a.m.:      Obtener todos los eventos por número de día [3]...
03/09/2015 11:45:06 a.m.:          El evento es por dia del mes...
03/09/2015 11:45:06 a.m.:          Se agrega el evento con id 4 nombre Evento de Maribel...
03/09/2015 11:45:06 a.m.:      Crear una lista con todos los eventos...
03/09/2015 11:45:06 a.m.:      Obtener la lista de todos los eventos terminados el dia de hoy...
03/09/2015 11:45:06 a.m.:      Quitar los eventos terminados de la lista...
03/09/2015 11:45:06 a.m.:  ---       Terminar Proceso      --- 

03/09/2015 11:46:06 a.m.: Minutos transcurridos: 1
03/09/2015 11:46:06 a.m.:  --- Mostrar Eventos del usuario --- 
03/09/2015 11:46:06 a.m.: Crear el contexto de la base de datos...
03/09/2015 11:46:06 a.m.: Obtener el usuario configurado...
03/09/2015 11:46:06 a.m.: Es Usuario Normal...
03/09/2015 11:46:06 a.m.:      Obtener todos los eventos activos del usuario...
03/09/2015 11:46:06 a.m.:      Obtener todos los eventos semanales del dia [J]...
03/09/2015 11:46:06 a.m.:      Obtener todos los eventos por número de día [3]...
03/09/2015 11:46:06 a.m.:          El evento es por dia del mes...
03/09/2015 11:46:06 a.m.:          Se agrega el evento con id 4 nombre Evento de Maribel...
03/09/2015 11:46:06 a.m.:      Crear una lista con todos los eventos...
03/09/2015 11:46:06 a.m.:      Obtener la lista de todos los eventos terminados el dia de hoy...
03/09/2015 11:46:06 a.m.:      Quitar los eventos terminados de la lista...
03/09/2015 11:46:06 a.m.:  ---       Terminar Proceso      --- 

03/09/2015 11:47:06 a.m.: Minutos transcurridos: 1
03/09/2015 11:47:06 a.m.:  --- Mostrar Eventos del usuario --- 
03/09/2015 11:47:06 a.m.: Crear el contexto de la base de datos...
03/09/2015 11:47:06 a.m.: Obtener el usuario configurado...
03/09/2015 11:47:06 a.m.: Es Usuario Normal...
03/09/2015 11:47:06 a.m.:      Obtener todos los eventos activos del usuario...
03/09/2015 11:47:06 a.m.:      Obtener todos los eventos semanales del dia [J]...
03/09/2015 11:47:06 a.m.:      Obtener todos los eventos por número de día [3]...
03/09/2015 11:47:06 a.m.:          El evento es por dia del mes...
03/09/2015 11:47:06 a.m.:          Se agrega el evento con id 4 nombre Evento de Maribel...
03/09/2015 11:47:06 a.m.:      Crear una lista con todos los eventos...
03/09/2015 11:47:06 a.m.:      Obtener la lista de todos los eventos terminados el dia de hoy...
03/09/2015 11:47:06 a.m.:      Quitar los eventos terminados de la lista...
03/09/2015 11:47:06 a.m.:  ---       Terminar Proceso      --- 

03/09/2015 11:48:06 a.m.: Minutos transcurridos: 1
03/09/2015 11:48:06 a.m.:  --- Mostrar Eventos del usuario --- 
03/09/2015 11:48:06 a.m.: Crear el contexto de la base de datos...
03/09/2015 11:48:06 a.m.: Obtener el usuario configurado...
03/09/2015 11:48:06 a.m.: Es Usuario Normal...
03/09/2015 11:48:06 a.m.:      Obtener todos los eventos activos del usuario...
03/09/2015 11:48:06 a.m.:      Obtener todos los eventos semanales del dia [J]...
03/09/2015 11:48:06 a.m.:      Obtener todos los eventos por número de día [3]...
03/09/2015 11:48:06 a.m.:          El evento es por dia del mes...
03/09/2015 11:48:06 a.m.:          Se agrega el evento con id 4 nombre Evento de Maribel...
03/09/2015 11:48:06 a.m.:      Crear una lista con todos los eventos...
03/09/2015 11:48:06 a.m.:      Obtener la lista de todos los eventos terminados el dia de hoy...
03/09/2015 11:48:06 a.m.:      Quitar los eventos terminados de la lista...
03/09/2015 11:48:06 a.m.:  ---       Terminar Proceso      --- 

03/09/2015 11:49:06 a.m.: Minutos transcurridos: 1
03/09/2015 11:49:06 a.m.:  --- Mostrar Eventos del usuario --- 
03/09/2015 11:49:06 a.m.: Crear el contexto de la base de datos...
03/09/2015 11:49:06 a.m.: Obtener el usuario configurado...
03/09/2015 11:49:06 a.m.: Es Usuario Normal...
03/09/2015 11:49:06 a.m.:      Obtener todos los eventos activos del usuario...
03/09/2015 11:49:06 a.m.:      Obtener todos los eventos semanales del dia [J]...
03/09/2015 11:49:06 a.m.:      Obtener todos los eventos por número de día [3]...
03/09/2015 11:49:06 a.m.:          El evento es por dia del mes...
03/09/2015 11:49:06 a.m.:          Se agrega el evento con id 4 nombre Evento de Maribel...
03/09/2015 11:49:06 a.m.:      Crear una lista con todos los eventos...
03/09/2015 11:49:06 a.m.:      Obtener la lista de todos los eventos terminados el dia de hoy...
03/09/2015 11:49:06 a.m.:      Quitar los eventos terminados de la lista...
03/09/2015 11:49:06 a.m.:  ---       Terminar Proceso      --- 

03/09/2015 11:50:06 a.m.: Minutos transcurridos: 1
03/09/2015 11:50:06 a.m.:  --- Mostrar Eventos del usuario --- 
03/09/2015 11:50:06 a.m.: Crear el contexto de la base de datos...
03/09/2015 11:50:06 a.m.: Obtener el usuario configurado...
03/09/2015 11:50:06 a.m.: Es Usuario Normal...
03/09/2015 11:50:06 a.m.:      Obtener todos los eventos activos del usuario...
03/09/2015 11:50:06 a.m.:      Obtener todos los eventos semanales del dia [J]...
03/09/2015 11:50:06 a.m.:      Obtener todos los eventos por número de día [3]...
03/09/2015 11:50:06 a.m.:          El evento es por dia del mes...
03/09/2015 11:50:06 a.m.:          Se agrega el evento con id 4 nombre Evento de Maribel...
03/09/2015 11:50:06 a.m.:      Crear una lista con todos los eventos...
03/09/2015 11:50:06 a.m.:      Obtener la lista de todos los eventos terminados el dia de hoy...
03/09/2015 11:50:06 a.m.:      Quitar los eventos terminados de la lista...
03/09/2015 11:50:06 a.m.:  ---       Terminar Proceso      --- 

03/09/2015 11:51:06 a.m.: Minutos transcurridos: 1
03/09/2015 11:51:06 a.m.:  --- Mostrar Eventos del usuario --- 
03/09/2015 11:51:06 a.m.: Crear el contexto de la base de datos...
03/09/2015 11:51:06 a.m.: Obtener el usuario configurado...
03/09/2015 11:51:06 a.m.: Es Usuario Normal...
03/09/2015 11:51:06 a.m.:      Obtener todos los eventos activos del usuario...
03/09/2015 11:51:06 a.m.:      Obtener todos los eventos semanales del dia [J]...
03/09/2015 11:51:06 a.m.:      Obtener todos los eventos por número de día [3]...
03/09/2015 11:51:06 a.m.:          El evento es por dia del mes...
03/09/2015 11:51:06 a.m.:          Se agrega el evento con id 4 nombre Evento de Maribel...
03/09/2015 11:51:06 a.m.:      Crear una lista con todos los eventos...
03/09/2015 11:51:06 a.m.:      Obtener la lista de todos los eventos terminados el dia de hoy...
03/09/2015 11:51:06 a.m.:      Quitar los eventos terminados de la lista...
03/09/2015 11:51:06 a.m.:  ---       Terminar Proceso      --- 

03/09/2015 11:52:06 a.m.: Minutos transcurridos: 1
03/09/2015 11:52:06 a.m.:  --- Mostrar Eventos del usuario --- 
03/09/2015 11:52:06 a.m.: Crear el contexto de la base de datos...
03/09/2015 11:52:06 a.m.: Obtener el usuario configurado...
03/09/2015 11:52:06 a.m.: Es Usuario Normal...
03/09/2015 11:52:06 a.m.:      Obtener todos los eventos activos del usuario...
03/09/2015 11:52:06 a.m.:      Obtener todos los eventos semanales del dia [J]...
03/09/2015 11:52:06 a.m.:      Obtener todos los eventos por número de día [3]...
03/09/2015 11:52:06 a.m.:          El evento es por dia del mes...
03/09/2015 11:52:06 a.m.:          Se agrega el evento con id 4 nombre Evento de Maribel...
03/09/2015 11:52:06 a.m.:      Crear una lista con todos los eventos...
03/09/2015 11:52:06 a.m.:      Obtener la lista de todos los eventos terminados el dia de hoy...
03/09/2015 11:52:06 a.m.:      Quitar los eventos terminados de la lista...
03/09/2015 11:52:06 a.m.:  ---       Terminar Proceso      --- 

03/09/2015 11:53:06 a.m.: Minutos transcurridos: 1
03/09/2015 11:53:06 a.m.:  --- Mostrar Eventos del usuario --- 
03/09/2015 11:53:06 a.m.: Crear el contexto de la base de datos...
03/09/2015 11:53:06 a.m.: Obtener el usuario configurado...
03/09/2015 11:53:06 a.m.: Es Usuario Normal...
03/09/2015 11:53:06 a.m.:      Obtener todos los eventos activos del usuario...
03/09/2015 11:53:06 a.m.:      Obtener todos los eventos semanales del dia [J]...
03/09/2015 11:53:06 a.m.:      Obtener todos los eventos por número de día [3]...
03/09/2015 11:53:06 a.m.:          El evento es por dia del mes...
03/09/2015 11:53:06 a.m.:          Se agrega el evento con id 4 nombre Evento de Maribel...
03/09/2015 11:53:06 a.m.:      Crear una lista con todos los eventos...
03/09/2015 11:53:06 a.m.:      Obtener la lista de todos los eventos terminados el dia de hoy...
03/09/2015 11:53:06 a.m.:      Quitar los eventos terminados de la lista...
03/09/2015 11:53:06 a.m.:  ---       Terminar Proceso      --- 

03/09/2015 11:54:06 a.m.: Minutos transcurridos: 1
03/09/2015 11:54:06 a.m.:  --- Mostrar Eventos del usuario --- 
03/09/2015 11:54:06 a.m.: Crear el contexto de la base de datos...
03/09/2015 11:54:06 a.m.: Obtener el usuario configurado...
03/09/2015 11:54:06 a.m.: Es Usuario Normal...
03/09/2015 11:54:06 a.m.:      Obtener todos los eventos activos del usuario...
03/09/2015 11:54:06 a.m.:      Obtener todos los eventos semanales del dia [J]...
03/09/2015 11:54:06 a.m.:      Obtener todos los eventos por número de día [3]...
03/09/2015 11:54:06 a.m.:          El evento es por dia del mes...
03/09/2015 11:54:06 a.m.:          Se agrega el evento con id 4 nombre Evento de Maribel...
03/09/2015 11:54:06 a.m.:      Crear una lista con todos los eventos...
03/09/2015 11:54:06 a.m.:      Obtener la lista de todos los eventos terminados el dia de hoy...
03/09/2015 11:54:06 a.m.:      Quitar los eventos terminados de la lista...
03/09/2015 11:54:06 a.m.:  ---       Terminar Proceso      --- 

03/09/2015 11:55:06 a.m.: Minutos transcurridos: 1
03/09/2015 11:55:06 a.m.:  --- Mostrar Eventos del usuario --- 
03/09/2015 11:55:06 a.m.: Crear el contexto de la base de datos...
03/09/2015 11:55:06 a.m.: Obtener el usuario configurado...
03/09/2015 11:55:06 a.m.: Es Usuario Normal...
03/09/2015 11:55:06 a.m.:      Obtener todos los eventos activos del usuario...
03/09/2015 11:55:06 a.m.:      Obtener todos los eventos semanales del dia [J]...
03/09/2015 11:55:06 a.m.:      Obtener todos los eventos por número de día [3]...
03/09/2015 11:55:06 a.m.:          El evento es por dia del mes...
03/09/2015 11:55:06 a.m.:          Se agrega el evento con id 4 nombre Evento de Maribel...
03/09/2015 11:55:06 a.m.:      Crear una lista con todos los eventos...
03/09/2015 11:55:06 a.m.:      Obtener la lista de todos los eventos terminados el dia de hoy...
03/09/2015 11:55:06 a.m.:      Quitar los eventos terminados de la lista...
03/09/2015 11:55:06 a.m.:  ---       Terminar Proceso      --- 

03/09/2015 11:56:06 a.m.: Minutos transcurridos: 1
03/09/2015 11:56:06 a.m.:  --- Mostrar Eventos del usuario --- 
03/09/2015 11:56:06 a.m.: Crear el contexto de la base de datos...
03/09/2015 11:56:06 a.m.: Obtener el usuario configurado...
03/09/2015 11:56:06 a.m.: Es Usuario Normal...
03/09/2015 11:56:06 a.m.:      Obtener todos los eventos activos del usuario...
03/09/2015 11:56:06 a.m.:      Obtener todos los eventos semanales del dia [J]...
03/09/2015 11:56:06 a.m.:      Obtener todos los eventos por número de día [3]...
03/09/2015 11:56:06 a.m.:          El evento es por dia del mes...
03/09/2015 11:56:06 a.m.:          Se agrega el evento con id 4 nombre Evento de Maribel...
03/09/2015 11:56:06 a.m.:      Crear una lista con todos los eventos...
03/09/2015 11:56:06 a.m.:      Obtener la lista de todos los eventos terminados el dia de hoy...
03/09/2015 11:56:06 a.m.:      Quitar los eventos terminados de la lista...
03/09/2015 11:56:06 a.m.:  ---       Terminar Proceso      --- 

03/09/2015 11:57:06 a.m.: Minutos transcurridos: 1
03/09/2015 11:57:06 a.m.:  --- Mostrar Eventos del usuario --- 
03/09/2015 11:57:06 a.m.: Crear el contexto de la base de datos...
03/09/2015 11:57:06 a.m.: Obtener el usuario configurado...
03/09/2015 11:57:06 a.m.: Es Usuario Normal...
03/09/2015 11:57:06 a.m.:      Obtener todos los eventos activos del usuario...
03/09/2015 11:57:06 a.m.:      Obtener todos los eventos semanales del dia [J]...
03/09/2015 11:57:06 a.m.:      Obtener todos los eventos por número de día [3]...
03/09/2015 11:57:06 a.m.:          El evento es por dia del mes...
03/09/2015 11:57:06 a.m.:          Se agrega el evento con id 4 nombre Evento de Maribel...
03/09/2015 11:57:06 a.m.:      Crear una lista con todos los eventos...
03/09/2015 11:57:06 a.m.:      Obtener la lista de todos los eventos terminados el dia de hoy...
03/09/2015 11:57:06 a.m.:      Quitar los eventos terminados de la lista...
03/09/2015 11:57:06 a.m.:  ---       Terminar Proceso      --- 

03/09/2015 11:58:06 a.m.: Minutos transcurridos: 1
03/09/2015 11:58:06 a.m.:  --- Mostrar Eventos del usuario --- 
03/09/2015 11:58:06 a.m.: Crear el contexto de la base de datos...
03/09/2015 11:58:06 a.m.: Obtener el usuario configurado...
03/09/2015 11:58:06 a.m.: Es Usuario Normal...
03/09/2015 11:58:06 a.m.:      Obtener todos los eventos activos del usuario...
03/09/2015 11:58:06 a.m.:      Obtener todos los eventos semanales del dia [J]...
03/09/2015 11:58:06 a.m.:      Obtener todos los eventos por número de día [3]...
03/09/2015 11:58:06 a.m.:          El evento es por dia del mes...
03/09/2015 11:58:06 a.m.:          Se agrega el evento con id 4 nombre Evento de Maribel...
03/09/2015 11:58:06 a.m.:      Crear una lista con todos los eventos...
03/09/2015 11:58:06 a.m.:      Obtener la lista de todos los eventos terminados el dia de hoy...
03/09/2015 11:58:06 a.m.:      Quitar los eventos terminados de la lista...
03/09/2015 11:58:06 a.m.:  ---       Terminar Proceso      --- 

03/09/2015 11:59:06 a.m.: Minutos transcurridos: 1
03/09/2015 11:59:06 a.m.:  --- Mostrar Eventos del usuario --- 
03/09/2015 11:59:06 a.m.: Crear el contexto de la base de datos...
03/09/2015 11:59:06 a.m.: Obtener el usuario configurado...
03/09/2015 11:59:06 a.m.: Es Usuario Normal...
03/09/2015 11:59:06 a.m.:      Obtener todos los eventos activos del usuario...
03/09/2015 11:59:06 a.m.:      Obtener todos los eventos semanales del dia [J]...
03/09/2015 11:59:06 a.m.:      Obtener todos los eventos por número de día [3]...
03/09/2015 11:59:06 a.m.:          El evento es por dia del mes...
03/09/2015 11:59:06 a.m.:          Se agrega el evento con id 4 nombre Evento de Maribel...
03/09/2015 11:59:06 a.m.:      Crear una lista con todos los eventos...
03/09/2015 11:59:06 a.m.:      Obtener la lista de todos los eventos terminados el dia de hoy...
03/09/2015 11:59:06 a.m.:      Quitar los eventos terminados de la lista...
03/09/2015 11:59:06 a.m.:  ---       Terminar Proceso      --- 

03/09/2015 12:00:06 p.m.: Minutos transcurridos: 1
03/09/2015 12:00:06 p.m.:  --- Mostrar Eventos del usuario --- 
03/09/2015 12:00:06 p.m.: Crear el contexto de la base de datos...
03/09/2015 12:00:06 p.m.: Obtener el usuario configurado...
03/09/2015 12:00:06 p.m.: Es Usuario Normal...
03/09/2015 12:00:06 p.m.:      Obtener todos los eventos activos del usuario...
03/09/2015 12:00:06 p.m.:      Obtener todos los eventos semanales del dia [J]...
03/09/2015 12:00:06 p.m.:      Obtener todos los eventos por número de día [3]...
03/09/2015 12:00:06 p.m.:          El evento es por dia del mes...
03/09/2015 12:00:06 p.m.:          Se agrega el evento con id 4 nombre Evento de Maribel...
03/09/2015 12:00:06 p.m.:      Crear una lista con todos los eventos...
03/09/2015 12:00:06 p.m.:      Obtener la lista de todos los eventos terminados el dia de hoy...
03/09/2015 12:00:06 p.m.:      Quitar los eventos terminados de la lista...
03/09/2015 12:00:06 p.m.:  ---       Terminar Proceso      --- 

03/09/2015 12:01:06 p.m.: Minutos transcurridos: 1
03/09/2015 12:01:06 p.m.:  --- Mostrar Eventos del usuario --- 
03/09/2015 12:01:06 p.m.: Crear el contexto de la base de datos...
03/09/2015 12:01:06 p.m.: Obtener el usuario configurado...
03/09/2015 12:01:06 p.m.: Es Usuario Normal...
03/09/2015 12:01:06 p.m.:      Obtener todos los eventos activos del usuario...
03/09/2015 12:01:06 p.m.:      Obtener todos los eventos semanales del dia [J]...
03/09/2015 12:01:06 p.m.:      Obtener todos los eventos por número de día [3]...
03/09/2015 12:01:06 p.m.:          El evento es por dia del mes...
03/09/2015 12:01:06 p.m.:          Se agrega el evento con id 4 nombre Evento de Maribel...
03/09/2015 12:01:06 p.m.:      Crear una lista con todos los eventos...
03/09/2015 12:01:06 p.m.:      Obtener la lista de todos los eventos terminados el dia de hoy...
03/09/2015 12:01:06 p.m.:      Quitar los eventos terminados de la lista...
03/09/2015 12:01:06 p.m.:  ---       Terminar Proceso      --- 

03/09/2015 12:02:06 p.m.: Minutos transcurridos: 1
03/09/2015 12:02:06 p.m.:  --- Mostrar Eventos del usuario --- 
03/09/2015 12:02:06 p.m.: Crear el contexto de la base de datos...
03/09/2015 12:02:06 p.m.: Obtener el usuario configurado...
03/09/2015 12:02:06 p.m.: Es Usuario Normal...
03/09/2015 12:02:06 p.m.:      Obtener todos los eventos activos del usuario...
03/09/2015 12:02:06 p.m.:      Obtener todos los eventos semanales del dia [J]...
03/09/2015 12:02:06 p.m.:      Obtener todos los eventos por número de día [3]...
03/09/2015 12:02:06 p.m.:          El evento es por dia del mes...
03/09/2015 12:02:06 p.m.:          Se agrega el evento con id 4 nombre Evento de Maribel...
03/09/2015 12:02:06 p.m.:      Crear una lista con todos los eventos...
03/09/2015 12:02:06 p.m.:      Obtener la lista de todos los eventos terminados el dia de hoy...
03/09/2015 12:02:06 p.m.:      Quitar los eventos terminados de la lista...
03/09/2015 12:02:06 p.m.:  ---       Terminar Proceso      --- 

