07/09/2015 11:21:20 a.m.: Iniciar Conteo...
07/09/2015 11:22:20 a.m.: Minutos transcurridos: 1
07/09/2015 11:22:20 a.m.:  --- Mostrar Eventos del usuario --- 
07/09/2015 11:22:20 a.m.: Crear el contexto de la base de datos...
07/09/2015 11:22:20 a.m.: Obtener el usuario configurado...
07/09/2015 11:22:25 a.m.: Es Usuario Normal...
07/09/2015 11:22:25 a.m.:      Obtener todos los eventos activos del usuario...
07/09/2015 11:22:25 a.m.:      Obtener todos los eventos semanales del dia [L]...
07/09/2015 11:22:25 a.m.:      Obtener todos los eventos por número de día [7]...
07/09/2015 11:22:25 a.m.:          El evento es por dia del mes...
07/09/2015 11:22:25 a.m.:          Si el dia es sabado o domingo recorrerlo al dia habil anterior...
07/09/2015 11:22:25 a.m.:      Crear una lista con todos los eventos...
07/09/2015 11:22:25 a.m.:      Obtener la lista de todos los eventos terminados el dia de hoy...
07/09/2015 11:22:25 a.m.:      Quitar los eventos terminados de la lista...
07/09/2015 11:22:25 a.m.:  ---       Terminar Proceso      --- 

07/09/2015 11:23:20 a.m.: Minutos transcurridos: 1
07/09/2015 11:23:20 a.m.:  --- Mostrar Eventos del usuario --- 
07/09/2015 11:23:20 a.m.: Crear el contexto de la base de datos...
07/09/2015 11:23:20 a.m.: Obtener el usuario configurado...
07/09/2015 11:23:20 a.m.: Es Usuario Normal...
07/09/2015 11:23:20 a.m.:      Obtener todos los eventos activos del usuario...
07/09/2015 11:23:20 a.m.:      Obtener todos los eventos semanales del dia [L]...
07/09/2015 11:23:20 a.m.:      Obtener todos los eventos por número de día [7]...
07/09/2015 11:23:20 a.m.:          El evento es por dia del mes...
07/09/2015 11:23:20 a.m.:          Si el dia es sabado o domingo recorrerlo al dia habil anterior...
07/09/2015 11:23:20 a.m.:      Crear una lista con todos los eventos...
07/09/2015 11:23:20 a.m.:      Obtener la lista de todos los eventos terminados el dia de hoy...
07/09/2015 11:23:20 a.m.:      Quitar los eventos terminados de la lista...
07/09/2015 11:23:20 a.m.:  ---       Terminar Proceso      --- 

07/09/2015 11:24:20 a.m.: Minutos transcurridos: 1
07/09/2015 11:24:20 a.m.:  --- Mostrar Eventos del usuario --- 
07/09/2015 11:24:20 a.m.: Crear el contexto de la base de datos...
07/09/2015 11:24:20 a.m.: Obtener el usuario configurado...
07/09/2015 11:24:20 a.m.: Es Usuario Normal...
07/09/2015 11:24:20 a.m.:      Obtener todos los eventos activos del usuario...
07/09/2015 11:24:20 a.m.:      Obtener todos los eventos semanales del dia [L]...
07/09/2015 11:24:20 a.m.:      Obtener todos los eventos por número de día [7]...
07/09/2015 11:24:20 a.m.:          El evento es por dia del mes...
07/09/2015 11:24:20 a.m.:          Si el dia es sabado o domingo recorrerlo al dia habil anterior...
07/09/2015 11:24:20 a.m.:      Crear una lista con todos los eventos...
07/09/2015 11:24:20 a.m.:      Obtener la lista de todos los eventos terminados el dia de hoy...
07/09/2015 11:24:20 a.m.:      Quitar los eventos terminados de la lista...
07/09/2015 11:24:20 a.m.:  ---       Terminar Proceso      --- 

07/09/2015 11:25:20 a.m.: Minutos transcurridos: 1
07/09/2015 11:25:20 a.m.:  --- Mostrar Eventos del usuario --- 
07/09/2015 11:25:20 a.m.: Crear el contexto de la base de datos...
07/09/2015 11:25:20 a.m.: Obtener el usuario configurado...
07/09/2015 11:25:20 a.m.: Es Usuario Normal...
07/09/2015 11:25:20 a.m.:      Obtener todos los eventos activos del usuario...
07/09/2015 11:25:20 a.m.:      Obtener todos los eventos semanales del dia [L]...
07/09/2015 11:25:20 a.m.:      Obtener todos los eventos por número de día [7]...
07/09/2015 11:25:20 a.m.:          El evento es por dia del mes...
07/09/2015 11:25:20 a.m.:          Si el dia es sabado o domingo recorrerlo al dia habil anterior...
07/09/2015 11:25:20 a.m.:      Crear una lista con todos los eventos...
07/09/2015 11:25:20 a.m.:      Obtener la lista de todos los eventos terminados el dia de hoy...
07/09/2015 11:25:20 a.m.:      Quitar los eventos terminados de la lista...
07/09/2015 11:25:20 a.m.:  ---       Terminar Proceso      --- 

07/09/2015 11:26:20 a.m.: Minutos transcurridos: 1
07/09/2015 11:26:20 a.m.:  --- Mostrar Eventos del usuario --- 
07/09/2015 11:26:20 a.m.: Crear el contexto de la base de datos...
07/09/2015 11:26:20 a.m.: Obtener el usuario configurado...
07/09/2015 11:26:20 a.m.: Es Usuario Normal...
07/09/2015 11:26:20 a.m.:      Obtener todos los eventos activos del usuario...
07/09/2015 11:26:20 a.m.:      Obtener todos los eventos semanales del dia [L]...
07/09/2015 11:26:20 a.m.:      Obtener todos los eventos por número de día [7]...
07/09/2015 11:26:20 a.m.:          El evento es por dia del mes...
07/09/2015 11:26:20 a.m.:          Si el dia es sabado o domingo recorrerlo al dia habil anterior...
07/09/2015 11:26:20 a.m.:      Crear una lista con todos los eventos...
07/09/2015 11:26:20 a.m.:      Obtener la lista de todos los eventos terminados el dia de hoy...
07/09/2015 11:26:20 a.m.:      Quitar los eventos terminados de la lista...
07/09/2015 11:26:20 a.m.:  ---       Terminar Proceso      --- 

07/09/2015 11:27:20 a.m.: Minutos transcurridos: 1
07/09/2015 11:27:20 a.m.:  --- Mostrar Eventos del usuario --- 
07/09/2015 11:27:20 a.m.: Crear el contexto de la base de datos...
07/09/2015 11:27:20 a.m.: Obtener el usuario configurado...
07/09/2015 11:27:20 a.m.: Es Usuario Normal...
07/09/2015 11:27:20 a.m.:      Obtener todos los eventos activos del usuario...
07/09/2015 11:27:20 a.m.:      Obtener todos los eventos semanales del dia [L]...
07/09/2015 11:27:20 a.m.:      Obtener todos los eventos por número de día [7]...
07/09/2015 11:27:20 a.m.:          El evento es por dia del mes...
07/09/2015 11:27:20 a.m.:          Si el dia es sabado o domingo recorrerlo al dia habil anterior...
07/09/2015 11:27:20 a.m.:      Crear una lista con todos los eventos...
07/09/2015 11:27:20 a.m.:      Obtener la lista de todos los eventos terminados el dia de hoy...
07/09/2015 11:27:20 a.m.:      Quitar los eventos terminados de la lista...
07/09/2015 11:27:20 a.m.:  ---       Terminar Proceso      --- 

07/09/2015 11:28:20 a.m.: Minutos transcurridos: 1
07/09/2015 11:28:20 a.m.:  --- Mostrar Eventos del usuario --- 
07/09/2015 11:28:20 a.m.: Crear el contexto de la base de datos...
07/09/2015 11:28:20 a.m.: Obtener el usuario configurado...
07/09/2015 11:28:20 a.m.: Es Usuario Normal...
07/09/2015 11:28:20 a.m.:      Obtener todos los eventos activos del usuario...
07/09/2015 11:28:20 a.m.:      Obtener todos los eventos semanales del dia [L]...
07/09/2015 11:28:20 a.m.:      Obtener todos los eventos por número de día [7]...
07/09/2015 11:28:20 a.m.:          El evento es por dia del mes...
07/09/2015 11:28:20 a.m.:          Si el dia es sabado o domingo recorrerlo al dia habil anterior...
07/09/2015 11:28:20 a.m.:      Crear una lista con todos los eventos...
07/09/2015 11:28:20 a.m.:      Obtener la lista de todos los eventos terminados el dia de hoy...
07/09/2015 11:28:20 a.m.:      Quitar los eventos terminados de la lista...
07/09/2015 11:28:20 a.m.:  ---       Terminar Proceso      --- 

07/09/2015 11:29:20 a.m.: Minutos transcurridos: 1
07/09/2015 11:29:20 a.m.:  --- Mostrar Eventos del usuario --- 
07/09/2015 11:29:20 a.m.: Crear el contexto de la base de datos...
07/09/2015 11:29:20 a.m.: Obtener el usuario configurado...
07/09/2015 11:29:20 a.m.: Es Usuario Normal...
07/09/2015 11:29:20 a.m.:      Obtener todos los eventos activos del usuario...
07/09/2015 11:29:20 a.m.:      Obtener todos los eventos semanales del dia [L]...
07/09/2015 11:29:20 a.m.:      Obtener todos los eventos por número de día [7]...
07/09/2015 11:29:20 a.m.:          El evento es por dia del mes...
07/09/2015 11:29:20 a.m.:          Si el dia es sabado o domingo recorrerlo al dia habil anterior...
07/09/2015 11:29:20 a.m.:      Crear una lista con todos los eventos...
07/09/2015 11:29:20 a.m.:      Obtener la lista de todos los eventos terminados el dia de hoy...
07/09/2015 11:29:20 a.m.:      Quitar los eventos terminados de la lista...
07/09/2015 11:29:20 a.m.:  ---       Terminar Proceso      --- 

07/09/2015 11:30:20 a.m.: Minutos transcurridos: 1
07/09/2015 11:30:20 a.m.:  --- Mostrar Eventos del usuario --- 
07/09/2015 11:30:20 a.m.: Crear el contexto de la base de datos...
07/09/2015 11:30:20 a.m.: Obtener el usuario configurado...
07/09/2015 11:30:20 a.m.: Es Usuario Normal...
07/09/2015 11:30:20 a.m.:      Obtener todos los eventos activos del usuario...
07/09/2015 11:30:20 a.m.:      Obtener todos los eventos semanales del dia [L]...
07/09/2015 11:30:20 a.m.:      Obtener todos los eventos por número de día [7]...
07/09/2015 11:30:20 a.m.:          El evento es por dia del mes...
07/09/2015 11:30:20 a.m.:          Si el dia es sabado o domingo recorrerlo al dia habil anterior...
07/09/2015 11:30:20 a.m.:      Crear una lista con todos los eventos...
07/09/2015 11:30:20 a.m.:      Obtener la lista de todos los eventos terminados el dia de hoy...
07/09/2015 11:30:20 a.m.:      Quitar los eventos terminados de la lista...
07/09/2015 11:30:20 a.m.:  ---       Terminar Proceso      --- 

07/09/2015 11:31:20 a.m.: Minutos transcurridos: 1
07/09/2015 11:31:20 a.m.:  --- Mostrar Eventos del usuario --- 
07/09/2015 11:31:20 a.m.: Crear el contexto de la base de datos...
07/09/2015 11:31:20 a.m.: Obtener el usuario configurado...
07/09/2015 11:31:20 a.m.: Es Usuario Normal...
07/09/2015 11:31:20 a.m.:      Obtener todos los eventos activos del usuario...
07/09/2015 11:31:20 a.m.:      Obtener todos los eventos semanales del dia [L]...
07/09/2015 11:31:20 a.m.:      Obtener todos los eventos por número de día [7]...
07/09/2015 11:31:20 a.m.:          El evento es por dia del mes...
07/09/2015 11:31:20 a.m.:          Si el dia es sabado o domingo recorrerlo al dia habil anterior...
07/09/2015 11:31:20 a.m.:      Crear una lista con todos los eventos...
07/09/2015 11:31:20 a.m.:      Obtener la lista de todos los eventos terminados el dia de hoy...
07/09/2015 11:31:20 a.m.:      Quitar los eventos terminados de la lista...
07/09/2015 11:31:20 a.m.:  ---       Terminar Proceso      --- 

07/09/2015 11:32:20 a.m.: Minutos transcurridos: 1
07/09/2015 11:32:20 a.m.:  --- Mostrar Eventos del usuario --- 
07/09/2015 11:32:20 a.m.: Crear el contexto de la base de datos...
07/09/2015 11:32:20 a.m.: Obtener el usuario configurado...
07/09/2015 11:32:20 a.m.: Es Usuario Normal...
07/09/2015 11:32:20 a.m.:      Obtener todos los eventos activos del usuario...
07/09/2015 11:32:20 a.m.:      Obtener todos los eventos semanales del dia [L]...
07/09/2015 11:32:20 a.m.:      Obtener todos los eventos por número de día [7]...
07/09/2015 11:32:20 a.m.:          El evento es por dia del mes...
07/09/2015 11:32:20 a.m.:          Si el dia es sabado o domingo recorrerlo al dia habil anterior...
07/09/2015 11:32:20 a.m.:      Crear una lista con todos los eventos...
07/09/2015 11:32:20 a.m.:      Obtener la lista de todos los eventos terminados el dia de hoy...
07/09/2015 11:32:20 a.m.:      Quitar los eventos terminados de la lista...
07/09/2015 11:32:20 a.m.:  ---       Terminar Proceso      --- 

07/09/2015 11:33:20 a.m.: Minutos transcurridos: 1
07/09/2015 11:33:20 a.m.:  --- Mostrar Eventos del usuario --- 
07/09/2015 11:33:20 a.m.: Crear el contexto de la base de datos...
07/09/2015 11:33:20 a.m.: Obtener el usuario configurado...
07/09/2015 11:33:20 a.m.: Es Usuario Normal...
07/09/2015 11:33:20 a.m.:      Obtener todos los eventos activos del usuario...
07/09/2015 11:33:20 a.m.:      Obtener todos los eventos semanales del dia [L]...
07/09/2015 11:33:20 a.m.:      Obtener todos los eventos por número de día [7]...
07/09/2015 11:33:20 a.m.:          El evento es por dia del mes...
07/09/2015 11:33:20 a.m.:          Si el dia es sabado o domingo recorrerlo al dia habil anterior...
07/09/2015 11:33:20 a.m.:      Crear una lista con todos los eventos...
07/09/2015 11:33:20 a.m.:      Obtener la lista de todos los eventos terminados el dia de hoy...
07/09/2015 11:33:20 a.m.:      Quitar los eventos terminados de la lista...
07/09/2015 11:33:20 a.m.:  ---       Terminar Proceso      --- 

07/09/2015 11:34:20 a.m.: Minutos transcurridos: 1
07/09/2015 11:34:20 a.m.:  --- Mostrar Eventos del usuario --- 
07/09/2015 11:34:20 a.m.: Crear el contexto de la base de datos...
07/09/2015 11:34:20 a.m.: Obtener el usuario configurado...
07/09/2015 11:34:20 a.m.: Es Usuario Normal...
07/09/2015 11:34:20 a.m.:      Obtener todos los eventos activos del usuario...
07/09/2015 11:34:20 a.m.:      Obtener todos los eventos semanales del dia [L]...
07/09/2015 11:34:20 a.m.:      Obtener todos los eventos por número de día [7]...
07/09/2015 11:34:20 a.m.:          El evento es por dia del mes...
07/09/2015 11:34:20 a.m.:          Si el dia es sabado o domingo recorrerlo al dia habil anterior...
07/09/2015 11:34:20 a.m.:      Crear una lista con todos los eventos...
07/09/2015 11:34:20 a.m.:      Obtener la lista de todos los eventos terminados el dia de hoy...
07/09/2015 11:34:20 a.m.:      Quitar los eventos terminados de la lista...
07/09/2015 11:34:20 a.m.:  ---       Terminar Proceso      --- 

07/09/2015 11:35:20 a.m.: Minutos transcurridos: 1
07/09/2015 11:35:20 a.m.:  --- Mostrar Eventos del usuario --- 
07/09/2015 11:35:20 a.m.: Crear el contexto de la base de datos...
07/09/2015 11:35:20 a.m.: Obtener el usuario configurado...
07/09/2015 11:35:20 a.m.: Es Usuario Normal...
07/09/2015 11:35:20 a.m.:      Obtener todos los eventos activos del usuario...
07/09/2015 11:35:20 a.m.:      Obtener todos los eventos semanales del dia [L]...
07/09/2015 11:35:20 a.m.:      Obtener todos los eventos por número de día [7]...
07/09/2015 11:35:20 a.m.:          El evento es por dia del mes...
07/09/2015 11:35:20 a.m.:          Si el dia es sabado o domingo recorrerlo al dia habil anterior...
07/09/2015 11:35:20 a.m.:      Crear una lista con todos los eventos...
07/09/2015 11:35:20 a.m.:      Obtener la lista de todos los eventos terminados el dia de hoy...
07/09/2015 11:35:20 a.m.:      Quitar los eventos terminados de la lista...
07/09/2015 11:35:20 a.m.:  ---       Terminar Proceso      --- 

07/09/2015 11:36:20 a.m.: Minutos transcurridos: 1
07/09/2015 11:36:20 a.m.:  --- Mostrar Eventos del usuario --- 
07/09/2015 11:36:20 a.m.: Crear el contexto de la base de datos...
07/09/2015 11:36:20 a.m.: Obtener el usuario configurado...
07/09/2015 11:36:20 a.m.: Es Usuario Normal...
07/09/2015 11:36:20 a.m.:      Obtener todos los eventos activos del usuario...
07/09/2015 11:36:20 a.m.:      Obtener todos los eventos semanales del dia [L]...
07/09/2015 11:36:20 a.m.:      Obtener todos los eventos por número de día [7]...
07/09/2015 11:36:20 a.m.:          El evento es por dia del mes...
07/09/2015 11:36:20 a.m.:          Si el dia es sabado o domingo recorrerlo al dia habil anterior...
07/09/2015 11:36:20 a.m.:      Crear una lista con todos los eventos...
07/09/2015 11:36:20 a.m.:      Obtener la lista de todos los eventos terminados el dia de hoy...
07/09/2015 11:36:20 a.m.:      Quitar los eventos terminados de la lista...
07/09/2015 11:36:20 a.m.:  ---       Terminar Proceso      --- 

07/09/2015 11:37:20 a.m.: Minutos transcurridos: 1
07/09/2015 11:37:20 a.m.:  --- Mostrar Eventos del usuario --- 
07/09/2015 11:37:20 a.m.: Crear el contexto de la base de datos...
07/09/2015 11:37:20 a.m.: Obtener el usuario configurado...
07/09/2015 11:37:20 a.m.: Es Usuario Normal...
07/09/2015 11:37:20 a.m.:      Obtener todos los eventos activos del usuario...
07/09/2015 11:37:20 a.m.:      Obtener todos los eventos semanales del dia [L]...
07/09/2015 11:37:20 a.m.:      Obtener todos los eventos por número de día [7]...
07/09/2015 11:37:20 a.m.:          El evento es por dia del mes...
07/09/2015 11:37:20 a.m.:          Si el dia es sabado o domingo recorrerlo al dia habil anterior...
07/09/2015 11:37:20 a.m.:      Crear una lista con todos los eventos...
07/09/2015 11:37:20 a.m.:      Obtener la lista de todos los eventos terminados el dia de hoy...
07/09/2015 11:37:20 a.m.:      Quitar los eventos terminados de la lista...
07/09/2015 11:37:20 a.m.:  ---       Terminar Proceso      --- 

07/09/2015 11:38:20 a.m.: Minutos transcurridos: 1
07/09/2015 11:38:20 a.m.:  --- Mostrar Eventos del usuario --- 
07/09/2015 11:38:20 a.m.: Crear el contexto de la base de datos...
07/09/2015 11:38:20 a.m.: Obtener el usuario configurado...
07/09/2015 11:38:20 a.m.: Es Usuario Normal...
07/09/2015 11:38:20 a.m.:      Obtener todos los eventos activos del usuario...
07/09/2015 11:38:20 a.m.:      Obtener todos los eventos semanales del dia [L]...
07/09/2015 11:38:20 a.m.:      Obtener todos los eventos por número de día [7]...
07/09/2015 11:38:20 a.m.:          El evento es por dia del mes...
07/09/2015 11:38:20 a.m.:          Si el dia es sabado o domingo recorrerlo al dia habil anterior...
07/09/2015 11:38:20 a.m.:      Crear una lista con todos los eventos...
07/09/2015 11:38:20 a.m.:      Obtener la lista de todos los eventos terminados el dia de hoy...
07/09/2015 11:38:20 a.m.:      Quitar los eventos terminados de la lista...
07/09/2015 11:38:20 a.m.:  ---       Terminar Proceso      --- 

07/09/2015 11:39:20 a.m.: Minutos transcurridos: 1
07/09/2015 11:39:20 a.m.:  --- Mostrar Eventos del usuario --- 
07/09/2015 11:39:20 a.m.: Crear el contexto de la base de datos...
07/09/2015 11:39:20 a.m.: Obtener el usuario configurado...
07/09/2015 11:39:20 a.m.: Es Usuario Normal...
07/09/2015 11:39:20 a.m.:      Obtener todos los eventos activos del usuario...
07/09/2015 11:39:20 a.m.:      Obtener todos los eventos semanales del dia [L]...
07/09/2015 11:39:20 a.m.:      Obtener todos los eventos por número de día [7]...
07/09/2015 11:39:20 a.m.:          El evento es por dia del mes...
07/09/2015 11:39:20 a.m.:          Si el dia es sabado o domingo recorrerlo al dia habil anterior...
07/09/2015 11:39:20 a.m.:      Crear una lista con todos los eventos...
07/09/2015 11:39:20 a.m.:      Obtener la lista de todos los eventos terminados el dia de hoy...
07/09/2015 11:39:20 a.m.:      Quitar los eventos terminados de la lista...
07/09/2015 11:39:20 a.m.:  ---       Terminar Proceso      --- 

07/09/2015 11:40:20 a.m.: Minutos transcurridos: 1
07/09/2015 11:40:20 a.m.:  --- Mostrar Eventos del usuario --- 
07/09/2015 11:40:20 a.m.: Crear el contexto de la base de datos...
07/09/2015 11:40:20 a.m.: Obtener el usuario configurado...
07/09/2015 11:40:20 a.m.: Es Usuario Normal...
07/09/2015 11:40:20 a.m.:      Obtener todos los eventos activos del usuario...
07/09/2015 11:40:20 a.m.:      Obtener todos los eventos semanales del dia [L]...
07/09/2015 11:40:20 a.m.:      Obtener todos los eventos por número de día [7]...
07/09/2015 11:40:20 a.m.:          El evento es por dia del mes...
07/09/2015 11:40:20 a.m.:          Si el dia es sabado o domingo recorrerlo al dia habil anterior...
07/09/2015 11:40:20 a.m.:      Crear una lista con todos los eventos...
07/09/2015 11:40:20 a.m.:      Obtener la lista de todos los eventos terminados el dia de hoy...
07/09/2015 11:40:20 a.m.:      Quitar los eventos terminados de la lista...
07/09/2015 11:40:20 a.m.:  ---       Terminar Proceso      --- 

07/09/2015 11:41:20 a.m.: Minutos transcurridos: 1
07/09/2015 11:41:20 a.m.:  --- Mostrar Eventos del usuario --- 
07/09/2015 11:41:20 a.m.: Crear el contexto de la base de datos...
07/09/2015 11:41:20 a.m.: Obtener el usuario configurado...
07/09/2015 11:41:20 a.m.: Es Usuario Normal...
07/09/2015 11:41:20 a.m.:      Obtener todos los eventos activos del usuario...
07/09/2015 11:41:20 a.m.:      Obtener todos los eventos semanales del dia [L]...
07/09/2015 11:41:20 a.m.:      Obtener todos los eventos por número de día [7]...
07/09/2015 11:41:20 a.m.:          El evento es por dia del mes...
07/09/2015 11:41:20 a.m.:          Si el dia es sabado o domingo recorrerlo al dia habil anterior...
07/09/2015 11:41:20 a.m.:      Crear una lista con todos los eventos...
07/09/2015 11:41:20 a.m.:      Obtener la lista de todos los eventos terminados el dia de hoy...
07/09/2015 11:41:20 a.m.:      Quitar los eventos terminados de la lista...
07/09/2015 11:41:20 a.m.:  ---       Terminar Proceso      --- 

07/09/2015 11:42:20 a.m.: Minutos transcurridos: 1
07/09/2015 11:42:20 a.m.:  --- Mostrar Eventos del usuario --- 
07/09/2015 11:42:20 a.m.: Crear el contexto de la base de datos...
07/09/2015 11:42:20 a.m.: Obtener el usuario configurado...
07/09/2015 11:42:20 a.m.: Es Usuario Normal...
07/09/2015 11:42:20 a.m.:      Obtener todos los eventos activos del usuario...
07/09/2015 11:42:20 a.m.:      Obtener todos los eventos semanales del dia [L]...
07/09/2015 11:42:20 a.m.:      Obtener todos los eventos por número de día [7]...
07/09/2015 11:42:20 a.m.:          El evento es por dia del mes...
07/09/2015 11:42:20 a.m.:          Si el dia es sabado o domingo recorrerlo al dia habil anterior...
07/09/2015 11:42:20 a.m.:      Crear una lista con todos los eventos...
07/09/2015 11:42:20 a.m.:      Obtener la lista de todos los eventos terminados el dia de hoy...
07/09/2015 11:42:20 a.m.:      Quitar los eventos terminados de la lista...
07/09/2015 11:42:20 a.m.:  ---       Terminar Proceso      --- 

07/09/2015 11:43:20 a.m.: Minutos transcurridos: 1
07/09/2015 11:43:20 a.m.:  --- Mostrar Eventos del usuario --- 
07/09/2015 11:43:20 a.m.: Crear el contexto de la base de datos...
07/09/2015 11:43:20 a.m.: Obtener el usuario configurado...
07/09/2015 11:43:20 a.m.: Es Usuario Normal...
07/09/2015 11:43:20 a.m.:      Obtener todos los eventos activos del usuario...
07/09/2015 11:43:20 a.m.:      Obtener todos los eventos semanales del dia [L]...
07/09/2015 11:43:20 a.m.:      Obtener todos los eventos por número de día [7]...
07/09/2015 11:43:20 a.m.:          El evento es por dia del mes...
07/09/2015 11:43:20 a.m.:          Si el dia es sabado o domingo recorrerlo al dia habil anterior...
07/09/2015 11:43:20 a.m.:      Crear una lista con todos los eventos...
07/09/2015 11:43:20 a.m.:      Obtener la lista de todos los eventos terminados el dia de hoy...
07/09/2015 11:43:20 a.m.:      Quitar los eventos terminados de la lista...
07/09/2015 11:43:20 a.m.:  ---       Terminar Proceso      --- 

07/09/2015 11:44:20 a.m.: Minutos transcurridos: 1
07/09/2015 11:44:20 a.m.:  --- Mostrar Eventos del usuario --- 
07/09/2015 11:44:20 a.m.: Crear el contexto de la base de datos...
07/09/2015 11:44:20 a.m.: Obtener el usuario configurado...
07/09/2015 11:44:20 a.m.: Es Usuario Normal...
07/09/2015 11:44:20 a.m.:      Obtener todos los eventos activos del usuario...
07/09/2015 11:44:20 a.m.:      Obtener todos los eventos semanales del dia [L]...
07/09/2015 11:44:20 a.m.:      Obtener todos los eventos por número de día [7]...
07/09/2015 11:44:20 a.m.:          El evento es por dia del mes...
07/09/2015 11:44:20 a.m.:          Si el dia es sabado o domingo recorrerlo al dia habil anterior...
07/09/2015 11:44:20 a.m.:      Crear una lista con todos los eventos...
07/09/2015 11:44:20 a.m.:      Obtener la lista de todos los eventos terminados el dia de hoy...
07/09/2015 11:44:20 a.m.:      Quitar los eventos terminados de la lista...
07/09/2015 11:44:20 a.m.:  ---       Terminar Proceso      --- 

07/09/2015 11:45:20 a.m.: Minutos transcurridos: 1
07/09/2015 11:45:20 a.m.:  --- Mostrar Eventos del usuario --- 
07/09/2015 11:45:20 a.m.: Crear el contexto de la base de datos...
07/09/2015 11:45:20 a.m.: Obtener el usuario configurado...
07/09/2015 11:45:20 a.m.: Es Usuario Normal...
07/09/2015 11:45:20 a.m.:      Obtener todos los eventos activos del usuario...
07/09/2015 11:45:20 a.m.:      Obtener todos los eventos semanales del dia [L]...
07/09/2015 11:45:20 a.m.:      Obtener todos los eventos por número de día [7]...
07/09/2015 11:45:20 a.m.:          El evento es por dia del mes...
07/09/2015 11:45:20 a.m.:          Si el dia es sabado o domingo recorrerlo al dia habil anterior...
07/09/2015 11:45:20 a.m.:      Crear una lista con todos los eventos...
07/09/2015 11:45:20 a.m.:      Obtener la lista de todos los eventos terminados el dia de hoy...
07/09/2015 11:45:20 a.m.:      Quitar los eventos terminados de la lista...
07/09/2015 11:45:20 a.m.:  ---       Terminar Proceso      --- 

07/09/2015 11:46:20 a.m.: Minutos transcurridos: 1
07/09/2015 11:46:20 a.m.:  --- Mostrar Eventos del usuario --- 
07/09/2015 11:46:20 a.m.: Crear el contexto de la base de datos...
07/09/2015 11:46:20 a.m.: Obtener el usuario configurado...
07/09/2015 11:46:20 a.m.: Es Usuario Normal...
07/09/2015 11:46:20 a.m.:      Obtener todos los eventos activos del usuario...
07/09/2015 11:46:20 a.m.:      Obtener todos los eventos semanales del dia [L]...
07/09/2015 11:46:20 a.m.:      Obtener todos los eventos por número de día [7]...
07/09/2015 11:46:20 a.m.:          El evento es por dia del mes...
07/09/2015 11:46:20 a.m.:          Si el dia es sabado o domingo recorrerlo al dia habil anterior...
07/09/2015 11:46:20 a.m.:      Crear una lista con todos los eventos...
07/09/2015 11:46:20 a.m.:      Obtener la lista de todos los eventos terminados el dia de hoy...
07/09/2015 11:46:20 a.m.:      Quitar los eventos terminados de la lista...
07/09/2015 11:46:20 a.m.:  ---       Terminar Proceso      --- 

07/09/2015 11:47:20 a.m.: Minutos transcurridos: 1
07/09/2015 11:47:20 a.m.:  --- Mostrar Eventos del usuario --- 
07/09/2015 11:47:20 a.m.: Crear el contexto de la base de datos...
07/09/2015 11:47:20 a.m.: Obtener el usuario configurado...
07/09/2015 11:47:20 a.m.: Es Usuario Normal...
07/09/2015 11:47:20 a.m.:      Obtener todos los eventos activos del usuario...
07/09/2015 11:47:20 a.m.:      Obtener todos los eventos semanales del dia [L]...
07/09/2015 11:47:20 a.m.:      Obtener todos los eventos por número de día [7]...
07/09/2015 11:47:20 a.m.:          El evento es por dia del mes...
07/09/2015 11:47:20 a.m.:          Si el dia es sabado o domingo recorrerlo al dia habil anterior...
07/09/2015 11:47:20 a.m.:      Crear una lista con todos los eventos...
07/09/2015 11:47:20 a.m.:      Obtener la lista de todos los eventos terminados el dia de hoy...
07/09/2015 11:47:20 a.m.:      Quitar los eventos terminados de la lista...
07/09/2015 11:47:20 a.m.:  ---       Terminar Proceso      --- 

